2026-07-22 00:20:17 | INFO     | hn_tracker | === Pipeline run started ===
2026-07-22 00:20:17 | INFO     | hn_tracker | Fetching page 1: https://news.ycombinator.com
2026-07-22 00:20:17 | INFO     | hn_tracker | Found 30 story rows in page.
2026-07-22 00:20:17 | INFO     | hn_tracker | Inserted 30 story snapshots from page 1.
2026-07-22 00:20:17 | INFO     | hn_tracker | Run complete. Inserted 30 rows this run (30 total rows in database).
2026-07-22 00:20:17 | INFO     | hn_tracker | === Pipeline run finished ===
2026-07-22 08:35:52 | INFO     | hn_tracker | === Pipeline run started ===
2026-07-22 08:35:52 | INFO     | hn_tracker | Fetching page 1: https://news.ycombinator.com
2026-07-22 08:35:52 | INFO     | hn_tracker | Found 30 story rows in page.
2026-07-22 08:35:52 | INFO     | hn_tracker | Inserted 30 story snapshots from page 1.
2026-07-22 08:35:52 | INFO     | hn_tracker | Run complete. Inserted 30 rows this run (60 total rows in database).
2026-07-22 08:35:52 | INFO     | hn_tracker | === Pipeline run finished ===
2026-07-22 14:07:14 | INFO     | hn_tracker | === Pipeline run started ===
2026-07-22 14:07:14 | INFO     | hn_tracker | Fetching page 1: https://news.ycombinator.com
2026-07-22 14:07:14 | INFO     | hn_tracker | Found 30 story rows in page.
2026-07-22 14:07:14 | INFO     | hn_tracker | Inserted 30 story snapshots from page 1.
2026-07-22 14:07:14 | INFO     | hn_tracker | Run complete. Inserted 30 rows this run (90 total rows in database).
2026-07-22 14:07:14 | INFO     | hn_tracker | === Pipeline run finished ===
2026-07-22 19:27:24 | INFO     | hn_tracker | === Pipeline run started ===
2026-07-22 19:27:24 | INFO     | hn_tracker | Fetching page 1: https://news.ycombinator.com
2026-07-22 19:27:24 | INFO     | hn_tracker | Found 30 story rows in page.
2026-07-22 19:27:24 | INFO     | hn_tracker | Inserted 30 story snapshots from page 1.
2026-07-22 19:27:24 | INFO     | hn_tracker | Run complete. Inserted 30 rows this run (120 total rows in database).
2026-07-22 19:27:24 | INFO     | hn_tracker | === Pipeline run finished ===
2026-07-23 03:20:49 | INFO     | hn_tracker | === Pipeline run started ===
2026-07-23 03:20:49 | INFO     | hn_tracker | Fetching page 1: https://news.ycombinator.com
2026-07-23 03:20:50 | INFO     | hn_tracker | Found 30 story rows in page.
2026-07-23 03:20:50 | INFO     | hn_tracker | Inserted 30 story snapshots from page 1.
2026-07-23 03:20:50 | INFO     | hn_tracker | Run complete. Inserted 30 rows this run (150 total rows in database).
2026-07-23 03:20:50 | INFO     | hn_tracker | === Pipeline run finished ===
2026-07-23 08:37:11 | INFO     | hn_tracker | === Pipeline run started ===
2026-07-23 08:37:11 | INFO     | hn_tracker | Fetching page 1: https://news.ycombinator.com
2026-07-23 08:37:11 | INFO     | hn_tracker | Found 30 story rows in page.
2026-07-23 08:37:11 | INFO     | hn_tracker | Inserted 30 story snapshots from page 1.
2026-07-23 08:37:11 | INFO     | hn_tracker | Run complete. Inserted 30 rows this run (180 total rows in database).
2026-07-23 08:37:11 | INFO     | hn_tracker | === Pipeline run finished ===
2026-07-23 14:12:11 | INFO     | hn_tracker | === Pipeline run started ===
2026-07-23 14:12:11 | INFO     | hn_tracker | Fetching page 1: https://news.ycombinator.com
2026-07-23 14:12:11 | INFO     | hn_tracker | Found 30 story rows in page.
2026-07-23 14:12:11 | INFO     | hn_tracker | Inserted 30 story snapshots from page 1.
2026-07-23 14:12:11 | INFO     | hn_tracker | Run complete. Inserted 30 rows this run (210 total rows in database).
2026-07-23 14:12:11 | INFO     | hn_tracker | === Pipeline run finished ===
2026-07-23 19:25:23 | INFO     | hn_tracker | === Pipeline run started ===
2026-07-23 19:25:23 | INFO     | hn_tracker | Fetching page 1: https://news.ycombinator.com
2026-07-23 19:25:23 | INFO     | hn_tracker | Found 30 story rows in page.
2026-07-23 19:25:23 | INFO     | hn_tracker | Inserted 30 story snapshots from page 1.
2026-07-23 19:25:23 | INFO     | hn_tracker | Run complete. Inserted 30 rows this run (240 total rows in database).
2026-07-23 19:25:23 | INFO     | hn_tracker | === Pipeline run finished ===
2026-07-24 03:14:57 | INFO     | hn_tracker | === Pipeline run started ===
2026-07-24 03:14:57 | INFO     | hn_tracker | Fetching page 1: https://news.ycombinator.com
2026-07-24 03:14:57 | INFO     | hn_tracker | Found 30 story rows in page.
2026-07-24 03:14:57 | INFO     | hn_tracker | Inserted 30 story snapshots from page 1.
2026-07-24 03:14:57 | INFO     | hn_tracker | Run complete. Inserted 30 rows this run (270 total rows in database).
2026-07-24 03:14:57 | INFO     | hn_tracker | === Pipeline run finished ===
2026-07-24 08:33:41 | INFO     | hn_tracker | === Pipeline run started ===
2026-07-24 08:33:41 | INFO     | hn_tracker | Fetching page 1: https://news.ycombinator.com
2026-07-24 08:33:41 | INFO     | hn_tracker | Found 30 story rows in page.
2026-07-24 08:33:41 | INFO     | hn_tracker | Inserted 30 story snapshots from page 1.
2026-07-24 08:33:41 | INFO     | hn_tracker | Run complete. Inserted 30 rows this run (300 total rows in database).
2026-07-24 08:33:41 | INFO     | hn_tracker | === Pipeline run finished ===
2026-07-24 13:54:27 | INFO     | hn_tracker | === Pipeline run started ===
2026-07-24 13:54:27 | INFO     | hn_tracker | Fetching page 1: https://news.ycombinator.com
2026-07-24 13:54:27 | INFO     | hn_tracker | Found 30 story rows in page.
2026-07-24 13:54:27 | INFO     | hn_tracker | Inserted 30 story snapshots from page 1.
2026-07-24 13:54:27 | INFO     | hn_tracker | Run complete. Inserted 30 rows this run (330 total rows in database).
2026-07-24 13:54:27 | INFO     | hn_tracker | === Pipeline run finished ===
2026-07-24 19:36:16 | INFO     | hn_tracker | === Pipeline run started ===
2026-07-24 19:36:16 | INFO     | hn_tracker | Fetching page 1: https://news.ycombinator.com
2026-07-24 19:36:16 | INFO     | hn_tracker | Found 30 story rows in page.
2026-07-24 19:36:16 | INFO     | hn_tracker | Inserted 30 story snapshots from page 1.
2026-07-24 19:36:16 | INFO     | hn_tracker | Run complete. Inserted 30 rows this run (360 total rows in database).
2026-07-24 19:36:16 | INFO     | hn_tracker | === Pipeline run finished ===
